<?xml version="1.0" encoding="UTF-8"?>
<!-- Generated by org.testng.reporters.JUnitReportReporter -->
<testsuite skipped="0" hostname="Ramya" name="simpletest.SimpleTest" tests="3" failures="0" timestamp="05 Feb 2019 07:29:53 GMT" time="0.016" errors="0">
  <testcase name="testMethod" time="0.000" classname="simpletest.SimpleTest"/>
  <testcase name="testMethod" time="0.000" classname="simpletest.SimpleTest"/>
  <testcase name="testMethod" time="0.016" classname="simpletest.SimpleTest"/>
</testsuite> <!-- simpletest.SimpleTest -->
