<?xml version="1.0" encoding="UTF-8"?>
<!-- Generated by org.testng.reporters.JUnitReportReporter -->
<testsuite skipped="0" hostname="Ramya" name="simpletest.SimpleTestFactory" tests="3" failures="0" timestamp="07 Feb 2019 11:16:08 GMT" time="0.023" errors="0">
  <testcase name="testMethod" time="0.008" classname="simpletest.SimpleTestFactory"/>
  <testcase name="testMethod" time="0.000" classname="simpletest.SimpleTestFactory"/>
  <testcase name="testMethod" time="0.015" classname="simpletest.SimpleTestFactory"/>
</testsuite> <!-- simpletest.SimpleTestFactory -->
